[0.010s] Invoking command in '/home/deathstroke/openvins-ros/build/vins_mono': CMAKE_PREFIX_PATH=${CMAKE_PREFIX_PATH}:/opt/ros/humble /usr/bin/cmake /home/deathstroke/openvins-ros -DCMAKE_INSTALL_PREFIX=/home/deathstroke/openvins-ros/install/vins_mono
[0.019s] -- Found ament_cmake: 1.3.12 (/opt/ros/humble/share/ament_cmake/cmake)
[0.089s] -- Found rclcpp: 16.0.14 (/opt/ros/humble/share/rclcpp/cmake)
[0.103s] -- Found rosidl_generator_c: 3.1.7 (/opt/ros/humble/share/rosidl_generator_c/cmake)
[0.104s] -- Found rosidl_adapter: 3.1.7 (/opt/ros/humble/share/rosidl_adapter/cmake)
[0.107s] -- Found rosidl_generator_cpp: 3.1.7 (/opt/ros/humble/share/rosidl_generator_cpp/cmake)
[0.111s] -- Using all available rosidl_typesupport_c: rosidl_typesupport_fastrtps_c;rosidl_typesupport_introspection_c
[0.117s] -- Using all available rosidl_typesupport_cpp: rosidl_typesupport_fastrtps_cpp;rosidl_typesupport_introspection_cpp
[0.131s] -- Found rmw_implementation_cmake: 6.1.2 (/opt/ros/humble/share/rmw_implementation_cmake/cmake)
[0.132s] -- Found rmw_fastrtps_cpp: 6.2.8 (/opt/ros/humble/share/rmw_fastrtps_cpp/cmake)
[0.191s] -- Using RMW implementation 'rmw_fastrtps_cpp' as default
[0.213s] -- Found nav_msgs: 4.9.0 (/opt/ros/humble/share/nav_msgs/cmake)
[0.228s] -- Found PkgConfig: /usr/bin/pkg-config (found version "0.29.2") 
[0.229s] -- Checking for module 'mavsdk'
[0.246s] --   Found mavsdk, version 3.2.0
[0.302s] -- Configuring done
[0.304s] [31mCMake Error at CMakeLists.txt:28 (add_executable):
[0.304s]   Cannot find source file:
[0.304s] 
[0.304s]     src/slam_localization.cpp
[0.304s] 
[0.304s]   Tried extensions .c .C .c++ .cc .cpp .cxx .cu .mpp .m .M .mm .ixx .cppm .h
[0.304s]   .hh .h++ .hm .hpp .hxx .in .txx .f .F .for .f77 .f90 .f95 .f03 .hip .ispc
[0.304s] 
[0.304s] [0m
[0.305s] [31mCMake Error at CMakeLists.txt:28 (add_executable):
[0.305s]   No SOURCES given to target: slam_localization_node
[0.305s] 
[0.305s] [0m
[0.305s] [0mCMake Generate step failed.  Build files cannot be regenerated correctly.[0m
[0.310s] Invoked command in '/home/deathstroke/openvins-ros/build/vins_mono' returned '1': CMAKE_PREFIX_PATH=${CMAKE_PREFIX_PATH}:/opt/ros/humble /usr/bin/cmake /home/deathstroke/openvins-ros -DCMAKE_INSTALL_PREFIX=/home/deathstroke/openvins-ros/install/vins_mono
