[0.010s] Invoking command in '/home/deathstroke/openvins-ros/build/vins_mono': CMAKE_PREFIX_PATH=${CMAKE_PREFIX_PATH}:/opt/ros/humble /usr/bin/cmake --build /home/deathstroke/openvins-ros/build/vins_mono -- -j32 -l32
[0.035s] [35m[1mConsolidate compiler generated dependencies of target vins_mono_node[0m
[0.045s] [ 50%] [32mBuilding CXX object CMakeFiles/vins_mono_node.dir/src/ov_ros_main.cpp.o[0m
[1.196s] [01m[K/home/deathstroke/openvins-ros/src/ov_ros_main.cpp:[m[K In function ‘[01m[Kvoid vision_position_send(double, double, double, double, double, double)[m[K’:
[1.196s] [01m[K/home/deathstroke/openvins-ros/src/ov_ros_main.cpp:91:30:[m[K [01;35m[Kwarning: [m[K‘[01m[Kmavsdk::MavlinkPassthrough::Result mavsdk::MavlinkPassthrough::send_message(mavlink_message_t&)[m[K’ is deprecated [[01;35m[K]8;;https://gcc.gnu.org/onlinedocs/gcc/Warning-Options.html#index-Wdeprecated-declarations-Wdeprecated-declarations]8;;[m[K]
[1.196s]    91 |     [01;35m[Kpassthrough->send_message(msg)[m[K;  // MAVSDK v1 API
[1.196s]       |     [01;35m[K~~~~~~~~~~~~~~~~~~~~~~~~~^~~~~[m[K
[1.196s] In file included from [01m[K/home/deathstroke/openvins-ros/src/ov_ros_main.cpp:14[m[K:
[1.196s] [01m[K/usr/local/include/mavsdk/plugins/mavlink_passthrough/mavlink_passthrough.h:95:23:[m[K [01;36m[Knote: [m[Kdeclared here
[1.196s]    95 |     DEPRECATED Result [01;36m[Ksend_message[m[K(mavlink_message_t& message);
[1.196s]       |                       [01;36m[K^~~~~~~~~~~~[m[K
[1.196s] [01m[K/home/deathstroke/openvins-ros/src/ov_ros_main.cpp:[m[K In function ‘[01m[Kvoid vision_speed_send(double, double, double)[m[K’:
[1.196s] [01m[K/home/deathstroke/openvins-ros/src/ov_ros_main.cpp:108:30:[m[K [01;35m[Kwarning: [m[K‘[01m[Kmavsdk::MavlinkPassthrough::Result mavsdk::MavlinkPassthrough::send_message(mavlink_message_t&)[m[K’ is deprecated [[01;35m[K]8;;https://gcc.gnu.org/onlinedocs/gcc/Warning-Options.html#index-Wdeprecated-declarations-Wdeprecated-declarations]8;;[m[K]
[1.197s]   108 |     [01;35m[Kpassthrough->send_message(msg)[m[K;  // MAVSDK v1 API
[1.197s]       |     [01;35m[K~~~~~~~~~~~~~~~~~~~~~~~~~^~~~~[m[K
[1.197s] In file included from [01m[K/home/deathstroke/openvins-ros/src/ov_ros_main.cpp:14[m[K:
[1.197s] [01m[K/usr/local/include/mavsdk/plugins/mavlink_passthrough/mavlink_passthrough.h:95:23:[m[K [01;36m[Knote: [m[Kdeclared here
[1.197s]    95 |     DEPRECATED Result [01;36m[Ksend_message[m[K(mavlink_message_t& message);
[1.197s]       |                       [01;36m[K^~~~~~~~~~~~[m[K
[3.816s] [100%] [32m[1mLinking CXX executable vins_mono_node[0m
[4.331s] [100%] Built target vins_mono_node
[4.341s] Invoked command in '/home/deathstroke/openvins-ros/build/vins_mono' returned '0': CMAKE_PREFIX_PATH=${CMAKE_PREFIX_PATH}:/opt/ros/humble /usr/bin/cmake --build /home/deathstroke/openvins-ros/build/vins_mono -- -j32 -l32
[4.348s] Invoking command in '/home/deathstroke/openvins-ros/build/vins_mono': CMAKE_PREFIX_PATH=${CMAKE_PREFIX_PATH}:/opt/ros/humble /usr/bin/cmake --install /home/deathstroke/openvins-ros/build/vins_mono
[4.353s] -- Install configuration: ""
[4.353s] -- Installing: /home/deathstroke/openvins-ros/install/vins_mono/lib/vins_mono/vins_mono_node
[4.355s] -- Set runtime path of "/home/deathstroke/openvins-ros/install/vins_mono/lib/vins_mono/vins_mono_node" to ""
[4.355s] -- Installing: /home/deathstroke/openvins-ros/install/vins_mono/share/ament_index/resource_index/package_run_dependencies/vins_mono
[4.355s] -- Installing: /home/deathstroke/openvins-ros/install/vins_mono/share/ament_index/resource_index/parent_prefix_path/vins_mono
[4.355s] -- Installing: /home/deathstroke/openvins-ros/install/vins_mono/share/vins_mono/environment/ament_prefix_path.sh
[4.355s] -- Installing: /home/deathstroke/openvins-ros/install/vins_mono/share/vins_mono/environment/ament_prefix_path.dsv
[4.355s] -- Installing: /home/deathstroke/openvins-ros/install/vins_mono/share/vins_mono/environment/path.sh
[4.355s] -- Installing: /home/deathstroke/openvins-ros/install/vins_mono/share/vins_mono/environment/path.dsv
[4.355s] -- Installing: /home/deathstroke/openvins-ros/install/vins_mono/share/vins_mono/local_setup.bash
[4.355s] -- Installing: /home/deathstroke/openvins-ros/install/vins_mono/share/vins_mono/local_setup.sh
[4.355s] -- Installing: /home/deathstroke/openvins-ros/install/vins_mono/share/vins_mono/local_setup.zsh
[4.355s] -- Installing: /home/deathstroke/openvins-ros/install/vins_mono/share/vins_mono/local_setup.dsv
[4.355s] -- Installing: /home/deathstroke/openvins-ros/install/vins_mono/share/vins_mono/package.dsv
[4.355s] -- Installing: /home/deathstroke/openvins-ros/install/vins_mono/share/ament_index/resource_index/packages/vins_mono
[4.355s] -- Installing: /home/deathstroke/openvins-ros/install/vins_mono/share/vins_mono/cmake/vins_monoConfig.cmake
[4.355s] -- Installing: /home/deathstroke/openvins-ros/install/vins_mono/share/vins_mono/cmake/vins_monoConfig-version.cmake
[4.355s] -- Installing: /home/deathstroke/openvins-ros/install/vins_mono/share/vins_mono/package.xml
[4.356s] Invoked command in '/home/deathstroke/openvins-ros/build/vins_mono' returned '0': CMAKE_PREFIX_PATH=${CMAKE_PREFIX_PATH}:/opt/ros/humble /usr/bin/cmake --install /home/deathstroke/openvins-ros/build/vins_mono
