[0.010s] Invoking command in '/home/deathstroke/openvins-ros/build/vins_mono': CMAKE_PREFIX_PATH=${CMAKE_PREFIX_PATH}:/opt/ros/humble /usr/bin/cmake /home/deathstroke/openvins-ros -DCMAKE_INSTALL_PREFIX=/home/deathstroke/openvins-ros/install/vins_mono
[0.016s] -- Found ament_cmake: 1.3.12 (/opt/ros/humble/share/ament_cmake/cmake)
[0.084s] -- Found rclcpp: 16.0.14 (/opt/ros/humble/share/rclcpp/cmake)
[0.098s] -- Found rosidl_generator_c: 3.1.7 (/opt/ros/humble/share/rosidl_generator_c/cmake)
[0.099s] -- Found rosidl_adapter: 3.1.7 (/opt/ros/humble/share/rosidl_adapter/cmake)
[0.102s] -- Found rosidl_generator_cpp: 3.1.7 (/opt/ros/humble/share/rosidl_generator_cpp/cmake)
[0.106s] -- Using all available rosidl_typesupport_c: rosidl_typesupport_fastrtps_c;rosidl_typesupport_introspection_c
[0.112s] -- Using all available rosidl_typesupport_cpp: rosidl_typesupport_fastrtps_cpp;rosidl_typesupport_introspection_cpp
[0.126s] -- Found rmw_implementation_cmake: 6.1.2 (/opt/ros/humble/share/rmw_implementation_cmake/cmake)
[0.127s] -- Found rmw_fastrtps_cpp: 6.2.8 (/opt/ros/humble/share/rmw_fastrtps_cpp/cmake)
[0.187s] -- Using RMW implementation 'rmw_fastrtps_cpp' as default
[0.208s] -- Found nav_msgs: 4.9.0 (/opt/ros/humble/share/nav_msgs/cmake)
[0.260s] -- Configuring done
[0.264s] -- Generating done
[0.266s] -- Build files have been written to: /home/deathstroke/openvins-ros/build/vins_mono
[0.271s] Invoked command in '/home/deathstroke/openvins-ros/build/vins_mono' returned '0': CMAKE_PREFIX_PATH=${CMAKE_PREFIX_PATH}:/opt/ros/humble /usr/bin/cmake /home/deathstroke/openvins-ros -DCMAKE_INSTALL_PREFIX=/home/deathstroke/openvins-ros/install/vins_mono
[0.272s] Invoking command in '/home/deathstroke/openvins-ros/build/vins_mono': CMAKE_PREFIX_PATH=${CMAKE_PREFIX_PATH}:/opt/ros/humble /usr/bin/cmake --build /home/deathstroke/openvins-ros/build/vins_mono -- -j32 -l32
[0.303s] [ 50%] [32mBuilding CXX object CMakeFiles/vins_mono_node.dir/src/ov_ros_main.cpp.o[0m
[1.464s] [01m[K/home/deathstroke/openvins-ros/src/ov_ros_main.cpp:[m[K In function ‘[01m[Kvoid vision_position_send(double, double, double, double, double, double)[m[K’:
[1.464s] [01m[K/home/deathstroke/openvins-ros/src/ov_ros_main.cpp:76:46:[m[K [01;31m[Kerror: [m[Ktoo few arguments to function ‘[01m[Kuint16_t mavlink_msg_vision_position_estimate_pack(uint8_t, uint8_t, mavlink_message_t*, uint64_t, float, float, float, float, float, float, const float*, uint8_t)[m[K’
[1.464s]    76 |     [01;31m[Kmavlink_msg_vision_position_estimate_pack([m[K
[1.464s]       |     [01;31m[K~~~~~~~~~~~~~~~~~~~~~~~~~~~~~~~~~~~~~~~~~^[m[K
[1.464s]    77 | [01;31m[K        1, 200, &msg,[m[K
[1.464s]       |         [01;31m[K~~~~~~~~~~~~~[m[K                         
[1.464s]    78 | [01;31m[K        static_cast<uint64_t>(rclcpp::Clock().now().nanoseconds()/1000),[m[K
[1.464s]       |         [01;31m[K~~~~~~~~~~~~~~~~~~~~~~~~~~~~~~~~~~~~~~~~~~~~~~~~~~~~~~~~~~~~~~~~[m[K
[1.464s]    79 | [01;31m[K        x, y, z, roll, pitch, yaw[m[K
[1.464s]       |         [01;31m[K~~~~~~~~~~~~~~~~~~~~~~~~~[m[K             
[1.464s]    80 | [01;31m[K    )[m[K;
[1.464s]       |     [01;31m[K~[m[K                                         
[1.464s] In file included from [01m[K/usr/local/include/mavsdk/mavlink/common/common.h:2814[m[K,
[1.464s]                  from [01m[K/usr/local/include/mavsdk/mavlink/common/mavlink.h:32[m[K,
[1.464s]                  from [01m[K/usr/local/include/mavsdk/mavlink_include.h:3[m[K,
[1.464s]                  from [01m[K/usr/local/include/mavsdk/mavsdk.h:15[m[K,
[1.464s]                  from [01m[K/home/deathstroke/openvins-ros/src/ov_ros_main.cpp:11[m[K:
[1.464s] [01m[K/usr/local/include/mavsdk/mavlink/common/mavlink_msg_vision_position_estimate.h:79:24:[m[K [01;36m[Knote: [m[Kdeclared here
[1.464s]    79 | static inline uint16_t [01;36m[Kmavlink_msg_vision_position_estimate_pack[m[K(uint8_t system_id, uint8_t component_id, mavlink_message_t* msg,
[1.464s]       |                        [01;36m[K^~~~~~~~~~~~~~~~~~~~~~~~~~~~~~~~~~~~~~~~~[m[K
[1.464s] [01m[K/home/deathstroke/openvins-ros/src/ov_ros_main.cpp:81:30:[m[K [01;35m[Kwarning: [m[K‘[01m[Kmavsdk::MavlinkPassthrough::Result mavsdk::MavlinkPassthrough::send_message(mavlink_message_t&)[m[K’ is deprecated [[01;35m[K]8;;https://gcc.gnu.org/onlinedocs/gcc/Warning-Options.html#index-Wdeprecated-declarations-Wdeprecated-declarations]8;;[m[K]
[1.464s]    81 |     [01;35m[Kpassthrough->send_message(msg)[m[K;
[1.465s]       |     [01;35m[K~~~~~~~~~~~~~~~~~~~~~~~~~^~~~~[m[K
[1.465s] In file included from [01m[K/home/deathstroke/openvins-ros/src/ov_ros_main.cpp:13[m[K:
[1.465s] [01m[K/usr/local/include/mavsdk/plugins/mavlink_passthrough/mavlink_passthrough.h:95:23:[m[K [01;36m[Knote: [m[Kdeclared here
[1.465s]    95 |     DEPRECATED Result [01;36m[Ksend_message[m[K(mavlink_message_t& message);
[1.465s]       |                       [01;36m[K^~~~~~~~~~~~[m[K
[1.465s] [01m[K/home/deathstroke/openvins-ros/src/ov_ros_main.cpp:[m[K In function ‘[01m[Kvoid vision_speed_send(double, double, double)[m[K’:
[1.465s] [01m[K/home/deathstroke/openvins-ros/src/ov_ros_main.cpp:86:43:[m[K [01;31m[Kerror: [m[Ktoo few arguments to function ‘[01m[Kuint16_t mavlink_msg_vision_speed_estimate_pack(uint8_t, uint8_t, mavlink_message_t*, uint64_t, float, float, float, const float*, uint8_t)[m[K’
[1.465s]    86 |     [01;31m[Kmavlink_msg_vision_speed_estimate_pack([m[K
[1.465s]       |     [01;31m[K~~~~~~~~~~~~~~~~~~~~~~~~~~~~~~~~~~~~~~^[m[K
[1.465s]    87 | [01;31m[K        1, 200, &msg,[m[K
[1.465s]       |         [01;31m[K~~~~~~~~~~~~~[m[K                      
[1.465s]    88 | [01;31m[K        static_cast<uint64_t>(rclcpp::Clock().now().nanoseconds()/1000),[m[K
[1.465s]       |         [01;31m[K~~~~~~~~~~~~~~~~~~~~~~~~~~~~~~~~~~~~~~~~~~~~~~~~~~~~~~~~~~~~~~~~[m[K
[1.465s]    89 | [01;31m[K        vx, vy, vz[m[K
[1.465s]       |         [01;31m[K~~~~~~~~~~[m[K                         
[1.465s]    90 | [01;31m[K    )[m[K;
[1.465s]       |     [01;31m[K~[m[K                                      
[1.465s] In file included from [01m[K/usr/local/include/mavsdk/mavlink/common/common.h:2815[m[K,
[1.465s]                  from [01m[K/usr/local/include/mavsdk/mavlink/common/mavlink.h:32[m[K,
[1.465s]                  from [01m[K/usr/local/include/mavsdk/mavlink_include.h:3[m[K,
[1.465s]                  from [01m[K/usr/local/include/mavsdk/mavsdk.h:15[m[K,
[1.465s]                  from [01m[K/home/deathstroke/openvins-ros/src/ov_ros_main.cpp:11[m[K:
[1.465s] [01m[K/usr/local/include/mavsdk/mavlink/common/mavlink_msg_vision_speed_estimate.h:67:24:[m[K [01;36m[Knote: [m[Kdeclared here
[1.465s]    67 | static inline uint16_t [01;36m[Kmavlink_msg_vision_speed_estimate_pack[m[K(uint8_t system_id, uint8_t component_id, mavlink_message_t* msg,
[1.466s]       |                        [01;36m[K^~~~~~~~~~~~~~~~~~~~~~~~~~~~~~~~~~~~~~[m[K
[1.466s] [01m[K/home/deathstroke/openvins-ros/src/ov_ros_main.cpp:91:30:[m[K [01;35m[Kwarning: [m[K‘[01m[Kmavsdk::MavlinkPassthrough::Result mavsdk::MavlinkPassthrough::send_message(mavlink_message_t&)[m[K’ is deprecated [[01;35m[K]8;;https://gcc.gnu.org/onlinedocs/gcc/Warning-Options.html#index-Wdeprecated-declarations-Wdeprecated-declarations]8;;[m[K]
[1.466s]    91 |     [01;35m[Kpassthrough->send_message(msg)[m[K;
[1.466s]       |     [01;35m[K~~~~~~~~~~~~~~~~~~~~~~~~~^~~~~[m[K
[1.466s] In file included from [01m[K/home/deathstroke/openvins-ros/src/ov_ros_main.cpp:13[m[K:
[1.466s] [01m[K/usr/local/include/mavsdk/plugins/mavlink_passthrough/mavlink_passthrough.h:95:23:[m[K [01;36m[Knote: [m[Kdeclared here
[1.466s]    95 |     DEPRECATED Result [01;36m[Ksend_message[m[K(mavlink_message_t& message);
[1.466s]       |                       [01;36m[K^~~~~~~~~~~~[m[K
[1.486s] [01m[K/home/deathstroke/openvins-ros/src/ov_ros_main.cpp:[m[K In function ‘[01m[Kint main(int, char**)[m[K’:
[1.486s] [01m[K/home/deathstroke/openvins-ros/src/ov_ros_main.cpp:165:12:[m[K [01;31m[Kerror: [m[Kuse of deleted function ‘[01m[Kmavsdk::Mavsdk::Mavsdk()[m[K’
[1.486s]   165 |     Mavsdk [01;31m[Kmavsdk[m[K;
[1.486s]       |            [01;31m[K^~~~~~[m[K
[1.486s] In file included from [01m[K/home/deathstroke/openvins-ros/src/ov_ros_main.cpp:11[m[K:
[1.486s] [01m[K/usr/local/include/mavsdk/mavsdk.h:283:5:[m[K [01;36m[Knote: [m[Kdeclared here
[1.486s]   283 |     [01;36m[KMavsdk[m[K() = delete;
[1.486s]       |     [01;36m[K^~~~~~[m[K
[2.594s] gmake[2]: *** [CMakeFiles/vins_mono_node.dir/build.make:76: CMakeFiles/vins_mono_node.dir/src/ov_ros_main.cpp.o] Error 1
[2.594s] gmake[1]: *** [CMakeFiles/Makefile2:137: CMakeFiles/vins_mono_node.dir/all] Error 2
[2.594s] gmake: *** [Makefile:146: all] Error 2
[2.595s] Invoked command in '/home/deathstroke/openvins-ros/build/vins_mono' returned '2': CMAKE_PREFIX_PATH=${CMAKE_PREFIX_PATH}:/opt/ros/humble /usr/bin/cmake --build /home/deathstroke/openvins-ros/build/vins_mono -- -j32 -l32
